e:\dev\durismud\mud\areas\de\de_win32\debug\vc140.pdb
e:\dev\durismud\mud\areas\de\de_win32\debug\vc140.idb
e:\dev\durismud\mud\areas\de\de_win32\debug\stat.obj
e:\dev\durismud\mud\areas\de\de_win32\debug\setrand.obj
e:\dev\durismud\mud\areas\de\de_win32\debug\setcomm.obj
e:\dev\durismud\mud\areas\de\de_win32\debug\purge.obj
e:\dev\durismud\mud\areas\de\de_win32\debug\mountfol.obj
e:\dev\durismud\mud\areas\de\de_win32\debug\misccomm.obj
e:\dev\durismud\mud\areas\de\de_win32\debug\maincomm.obj
e:\dev\durismud\mud\areas\de\de_win32\debug\look.obj
e:\dev\durismud\mud\areas\de\de_win32\debug\load.obj
e:\dev\durismud\mud\areas\de\de_win32\debug\list.obj
e:\dev\durismud\mud\areas\de\de_win32\debug\editent.obj
e:\dev\durismud\mud\areas\de\de_win32\debug\delete.obj
e:\dev\durismud\mud\areas\de\de_win32\debug\crtedit.obj
e:\dev\durismud\mud\areas\de\de_win32\debug\create.obj
e:\dev\durismud\mud\areas\de\de_win32\debug\copydesc.obj
e:\dev\durismud\mud\areas\de\de_win32\debug\command.obj
e:\dev\durismud\mud\areas\de\de_win32\debug\clone.obj
e:\dev\durismud\mud\areas\de\de_win32\debug\alias.obj
e:\dev\durismud\mud\areas\de\de_win32\debug\cmddef.obj
e:\dev\durismud\mud\areas\de\de_win32\debug\take.obj
e:\dev\durismud\mud\areas\de\de_win32\debug\put.obj
e:\dev\durismud\mud\areas\de\de_win32\debug\inv.obj
e:\dev\durismud\mud\areas\de\de_win32\debug\equip.obj
e:\dev\durismud\mud\areas\de\de_win32\debug\drop.obj
e:\dev\durismud\mud\areas\de\de_win32\debug\interp.obj
e:\dev\durismud\mud\areas\de\de_win32\debug\init.obj
e:\dev\durismud\mud\areas\de\de_win32\debug\flagdef.obj
e:\dev\durismud\mud\areas\de\de_win32\debug\editval.obj
e:\dev\durismud\mud\areas\de\de_win32\debug\editflag.obj
e:\dev\durismud\mud\areas\de\de_win32\debug\writeexd.obj
e:\dev\durismud\mud\areas\de\de_win32\debug\readexd.obj
e:\dev\durismud\mud\areas\de\de_win32\debug\editdesc.obj
e:\dev\durismud\mud\areas\de\de_win32\debug\edesc.obj
e:\dev\durismud\mud\areas\de\de_win32\debug\crtdesc.obj
e:\dev\durismud\mud\areas\de\de_win32\debug\display.obj
e:\dev\durismud\mud\areas\de\de_win32\debug\dispflag.obj
e:\dev\durismud\mud\areas\de\de_win32\debug\de.obj
e:\dev\durismud\mud\areas\de\de_win32\debug\var.obj
e:\dev\durismud\mud\areas\de\de_win32\debug\menu.obj
e:\dev\durismud\mud\areas\de\de_win32\debug\master.obj
e:\dev\durismud\mud\areas\de\de_win32\debug\loaded.obj
e:\dev\durismud\mud\areas\de\de_win32\debug\keywords.obj
e:\dev\durismud\mud\areas\de\de_win32\debug\history.obj
e:\dev\durismud\mud\areas\de\de_win32\debug\getstrn.obj
e:\dev\durismud\mud\areas\de\de_win32\debug\flags.obj
e:\dev\durismud\mud\areas\de\de_win32\debug\editrchk.obj
e:\dev\durismud\mud\areas\de\de_win32\debug\editochk.obj
e:\dev\durismud\mud\areas\de\de_win32\debug\editmchk.obj
e:\dev\durismud\mud\areas\de\de_win32\debug\editichk.obj
e:\dev\durismud\mud\areas\de\de_win32\debug\editdisp.obj
e:\dev\durismud\mud\areas\de\de_win32\debug\editchck.obj
e:\dev\durismud\mud\areas\de\de_win32\debug\editable.obj
e:\dev\durismud\mud\areas\de\de_win32\debug\default.obj
e:\dev\durismud\mud\areas\de\de_win32\debug\config.obj
e:\dev\durismud\mud\areas\de\de_win32\debug\menudef.obj
e:\dev\durismud\mud\areas\de\de_win32\debug\map.obj
e:\dev\durismud\mud\areas\de\de_win32\debug\unequip.obj
e:\dev\durismud\mud\areas\de\de_win32\debug\mobu.obj
e:\dev\durismud\mud\areas\de\de_win32\debug\mobtypes.obj
e:\dev\durismud\mud\areas\de\de_win32\debug\mobhere.obj
e:\dev\durismud\mud\areas\de\de_win32\debug\mob.obj
e:\dev\durismud\mud\areas\de\de_win32\debug\editmobu.obj
e:\dev\durismud\mud\areas\de\de_win32\debug\editmob.obj
e:\dev\durismud\mud\areas\de\de_win32\debug\editmmsc.obj
e:\dev\durismud\mud\areas\de\de_win32\debug\editmms3.obj
e:\dev\durismud\mud\areas\de\de_win32\debug\editmms2.obj
e:\dev\durismud\mud\areas\de\de_win32\debug\dispmob.obj
e:\dev\durismud\mud\areas\de\de_win32\debug\delmobtu.obj
e:\dev\durismud\mud\areas\de\de_win32\debug\delmobt.obj
e:\dev\durismud\mud\areas\de\de_win32\debug\delmobhu.obj
e:\dev\durismud\mud\areas\de\de_win32\debug\crtmobtu.obj
e:\dev\durismud\mud\areas\de\de_win32\debug\crtmobhu.obj
e:\dev\durismud\mud\areas\de\de_win32\debug\crtmob.obj
e:\dev\durismud\mud\areas\de\de_win32\debug\strnnode.obj
e:\dev\durismud\mud\areas\de\de_win32\debug\strings.obj
e:\dev\durismud\mud\areas\de\de_win32\debug\mudcomm.obj
e:\dev\durismud\mud\areas\de\de_win32\debug\misc.obj
e:\dev\durismud\mud\areas\de\de_win32\debug\objhere.obj
e:\dev\durismud\mud\areas\de\de_win32\debug\objectu.obj
e:\dev\durismud\mud\areas\de\de_win32\debug\editotrp.obj
e:\dev\durismud\mud\areas\de\de_win32\debug\editomsc.obj
e:\dev\durismud\mud\areas\de\de_win32\debug\editoms2.obj
e:\dev\durismud\mud\areas\de\de_win32\debug\editoexd.obj
e:\dev\durismud\mud\areas\de\de_win32\debug\editobju.obj
e:\dev\durismud\mud\areas\de\de_win32\debug\editobj.obj
e:\dev\durismud\mud\areas\de\de_win32\debug\dispobj.obj
e:\dev\durismud\mud\areas\de\de_win32\debug\delobjtu.obj
e:\dev\durismud\mud\areas\de\de_win32\debug\delobjt.obj
e:\dev\durismud\mud\areas\de\de_win32\debug\delobjhu.obj
e:\dev\durismud\mud\areas\de\de_win32\debug\delobjh.obj
e:\dev\durismud\mud\areas\de\de_win32\debug\crtobjtu.obj
e:\dev\durismud\mud\areas\de\de_win32\debug\crtobjhu.obj
e:\dev\durismud\mud\areas\de\de_win32\debug\crtobj.obj
e:\dev\durismud\mud\areas\de\de_win32\debug\writemob.obj
e:\dev\durismud\mud\areas\de\de_win32\debug\readmob.obj
e:\dev\durismud\mud\areas\de\de_win32\debug\disproom.obj
e:\dev\durismud\mud\areas\de\de_win32\debug\delroomu.obj
e:\dev\durismud\mud\areas\de\de_win32\debug\delexitu.obj
e:\dev\durismud\mud\areas\de\de_win32\debug\crtroomu.obj
e:\dev\durismud\mud\areas\de\de_win32\debug\crtroom.obj
e:\dev\durismud\mud\areas\de\de_win32\debug\crtrexit.obj
e:\dev\durismud\mud\areas\de\de_win32\debug\crtexit.obj
e:\dev\durismud\mud\areas\de\de_win32\debug\readfile.obj
e:\dev\durismud\mud\areas\de\de_win32\debug\writeqst.obj
e:\dev\durismud\mud\areas\de\de_win32\debug\readqst.obj
e:\dev\durismud\mud\areas\de\de_win32\debug\quest.obj
e:\dev\durismud\mud\areas\de\de_win32\debug\qsttypes.obj
e:\dev\durismud\mud\areas\de\de_win32\debug\editqstu.obj
e:\dev\durismud\mud\areas\de\de_win32\debug\editqstq.obj
e:\dev\durismud\mud\areas\de\de_win32\debug\editqstm.obj
e:\dev\durismud\mud\areas\de\de_win32\debug\editqsti.obj
e:\dev\durismud\mud\areas\de\de_win32\debug\editqst.obj
e:\dev\durismud\mud\areas\de\de_win32\debug\delqstu.obj
e:\dev\durismud\mud\areas\de\de_win32\debug\writeobj.obj
e:\dev\durismud\mud\areas\de\de_win32\debug\readobj.obj
e:\dev\durismud\mud\areas\de\de_win32\debug\editshps.obj
e:\dev\durismud\mud\areas\de\de_win32\debug\editshpr.obj
e:\dev\durismud\mud\areas\de\de_win32\debug\editshpm.obj
e:\dev\durismud\mud\areas\de\de_win32\debug\editshpc.obj
e:\dev\durismud\mud\areas\de\de_win32\debug\editshpb.obj
e:\dev\durismud\mud\areas\de\de_win32\debug\editshp.obj
e:\dev\durismud\mud\areas\de\de_win32\debug\delshpu.obj
e:\dev\durismud\mud\areas\de\de_win32\debug\writeset.obj
e:\dev\durismud\mud\areas\de\de_win32\debug\readset.obj
e:\dev\durismud\mud\areas\de\de_win32\debug\writewld.obj
e:\dev\durismud\mud\areas\de\de_win32\debug\roomu.obj
e:\dev\durismud\mud\areas\de\de_win32\debug\roomtype.obj
e:\dev\durismud\mud\areas\de\de_win32\debug\room.obj
e:\dev\durismud\mud\areas\de\de_win32\debug\readwld.obj
e:\dev\durismud\mud\areas\de\de_win32\debug\exit.obj
e:\dev\durismud\mud\areas\de\de_win32\debug\editroom.obj
e:\dev\durismud\mud\areas\de\de_win32\debug\editrmsc.obj
e:\dev\durismud\mud\areas\de\de_win32\debug\editrext.obj
e:\dev\durismud\mud\areas\de\de_win32\debug\editrexd.obj
e:\dev\durismud\mud\areas\de\de_win32\debug\editexit.obj
e:\dev\durismud\mud\areas\de\de_win32\debug\zonetype.obj
e:\dev\durismud\mud\areas\de\de_win32\debug\zone.obj
e:\dev\durismud\mud\areas\de\de_win32\debug\writezon.obj
e:\dev\durismud\mud\areas\de\de_win32\debug\readzon.obj
e:\dev\durismud\mud\areas\de\de_win32\debug\editzone.obj
e:\dev\durismud\mud\areas\de\de_win32\debug\editzmsc.obj
e:\dev\durismud\mud\areas\de\de_win32\debug\dispzone.obj
e:\dev\durismud\mud\areas\de\de_win32\debug\vardef.obj
e:\dev\durismud\mud\areas\de\de_win32\debug\template.obj
e:\dev\durismud\mud\areas\de\de_win32\debug\writeshp.obj
e:\dev\durismud\mud\areas\de\de_win32\debug\shop.obj
e:\dev\durismud\mud\areas\de\de_win32\debug\readshp.obj
e:\dev\durismud\mud\areas\de\de_win32\debug\editshpu.obj
e:\dev\durismud\mud\areas\de\de_win32\debug\editshpt.obj
e:\dev\durismud\mud\areas\de\de_win32\debug\objtypes.obj
e:\dev\durismud\mud\areas\de\de_win32\debug\object.obj
e:\dev\durismud\mud\areas\de\de_win32\debug\dispmisc.obj
e:\dev\durismud\mud\areas\de\de_win32\debug\check.obj
e:\dev\durismud\mud\areas\de\de_win32\debug\listdef.obj
e:\dev\durismud\mud\areas\de\de_win32\debug\win32.obj
e:\dev\durismud\mud\areas\de\de_win32\debug\skills.obj
e:\dev\durismud\mud\areas\de\de_win32\debug\common.obj
e:\dev\durismud\mud\areas\de\de_win32\debug\de.pdb
e:\dev\durismud\mud\areas\de\de_win32\debug\de_win32.pdb
e:\dev\durismud\mud\areas\de\de_win32\debug\de_win32.tlog\cl.command.1.tlog
e:\dev\durismud\mud\areas\de\de_win32\debug\de_win32.tlog\cl.read.1.tlog
e:\dev\durismud\mud\areas\de\de_win32\debug\de_win32.tlog\cl.write.1.tlog
e:\dev\durismud\mud\areas\de\de_win32\debug\de_win32.tlog\link.command.1.tlog
e:\dev\durismud\mud\areas\de\de_win32\debug\de_win32.tlog\link.read.1.tlog
e:\dev\durismud\mud\areas\de\de_win32\debug\de_win32.tlog\link.write.1.tlog
