  ALIAS.cpp
  CHECK.cpp
  CLONE.cpp
  COPYDESC.cpp
  CREATE.cpp
  CRTEDIT.cpp
  Command.cpp
  DELETE.cpp
  EDITENT.cpp
  LIST.cpp
  LOAD.cpp
  LOOK.cpp
  MAINCOMM.cpp
  MISCCOMM.cpp
  MOUNTFOL.cpp
  PURGE.cpp
  SETCOMM.cpp
  SETRAND.cpp
  STAT.cpp
  Var.cpp
  Generating Code...
  Compiling...
  Display.cpp
  CRTDESC.cpp
  EDESC.cpp
  EDITDESC.cpp
  INTERP.cpp
  Init.cpp
  EQUIP.cpp
  INV.cpp
  PUT.cpp
  UNEQUIP.cpp
  drop.cpp
  take.cpp
  CONFIG.cpp
  DEFAULT.cpp
  EDITABLE.cpp
  EDITCHCK.cpp
  EDITDISP.cpp
  EDITICHK.cpp
  EDITMCHK.cpp
  EDITOCHK.cpp
  Generating Code...
  Compiling...
  EDITRCHK.cpp
  Flags.cpp
  Getstrn.cpp
  HISTORY.cpp
  KEYWORDS.cpp
  LOADED.cpp
  MASTER.cpp
  MENU.cpp
  Misc.cpp
  STRNNODE.cpp
  Strings.cpp
  mudcomm.cpp
  CRTMOB.cpp
  CRTMOBHU.cpp
  Crtmobtu.cpp
  DELMOBHU.cpp
  DELMOBT.cpp
  DELMOBTU.cpp
  DISPMOB.cpp
  EDITMMS2.cpp
  Generating Code...
  Compiling...
  EDITMMS3.cpp
  EDITMMSC.cpp
  EDITMOB.cpp
  EDITMOBU.cpp
  MOB.cpp
  MOBTYPES.cpp
  MOBU.cpp
  Mobhere.cpp
  READMOB.cpp
  WRITEMOB.cpp
  CRTOBJ.cpp
  CRTOBJHU.cpp
  Crtobjtu.cpp
  DELOBJH.cpp
  DELOBJHU.cpp
  DELOBJT.cpp
  DELOBJTU.cpp
  DISPOBJ.cpp
  EDITOBJ.cpp
  EDITOBJU.cpp
  Generating Code...
  Compiling...
  EDITOEXD.cpp
  EDITOMS2.cpp
  EDITOMSC.cpp
  OBJECT.cpp
  OBJECTU.cpp
  OBJHERE.cpp
  OBJTYPES.cpp
  READOBJ.cpp
  WRITEOBJ.cpp
  editotrp.cpp
  EDITQSTI.cpp
  EDITQSTM.cpp
  EDITQSTQ.cpp
  EDITQSTU.cpp
  QSTTYPES.cpp
  QUEST.cpp
  READQST.cpp
  WRITEQST.cpp
  delqstu.cpp
  editqst.cpp
  Generating Code...
  Compiling...
  CRTEXIT.cpp
  CRTREXIT.cpp
  CRTROOM.cpp
  CRTROOMU.cpp
  DELEXITU.cpp
  DELROOMU.cpp
  Disproom.cpp
  EDITEXIT.cpp
  EDITREXD.cpp
  EDITREXT.cpp
  EDITRMSC.cpp
  EDITROOM.cpp
  EXIT.cpp
  READWLD.cpp
  ROOM.cpp
  ROOMTYPE.cpp
  ROOMU.cpp
  WRITEWLD.cpp
  READSET.cpp
  WRITESET.cpp
  Generating Code...
  Compiling...
  DELSHPU.cpp
  EDITSHPB.cpp
  EDITSHPC.cpp
  EDITSHPM.cpp
  EDITSHPR.cpp
  EDITSHPS.cpp
  EDITSHPT.cpp
  EDITSHPU.cpp
  READSHP.cpp
  SHOP.cpp
  WRITESHP.cpp
  editshp.cpp
  VARDEF.cpp
  DISPZONE.cpp
  EDITZMSC.cpp
  EDITZONE.cpp
  READZON.cpp
  WRITEZON.cpp
  ZONE.cpp
  de.cpp
  Generating Code...
  Compiling...
  dispflag.cpp
  dispmisc.cpp
  readexd.cpp
  writeexd.cpp
  editflag.cpp
  editval.cpp
  map.cpp
  menudef.cpp
  readfile.cpp
  editsector.cpp
  template.cpp
  win32.cpp
c:\program files (x86)\microsoft sdks\windows\v7.1a\include\sal_supp.h(57): warning C4005: '__useHeader': macro redefinition
  C:\Program Files (x86)\Microsoft Visual Studio 14.0\VC\include\sal.h(2866): note: see previous definition of '__useHeader'
c:\program files (x86)\microsoft sdks\windows\v7.1a\include\specstrings_supp.h(77): warning C4005: '__on_failure': macro redefinition
  C:\Program Files (x86)\Microsoft Visual Studio 14.0\VC\include\sal.h(2876): note: see previous definition of '__on_failure'
  zonetype.cpp
  Generating Code...
  de_win32.vcxproj -> E:\Dev\DurisMUD\mud\areas\de\de_win32\.\Debug\de.exe
  de_win32.vcxproj -> .\Debug/de.pdb (Full PDB)
